Sat Mar  9 01:36:32 2024				Page     1


 
Update Symbols/Modules Logfile
	Sat Mar  9 01:36:32 2024

------ Module Refresh Messages ------

SUMMARY:    Updated 0 out of 0 modules

------ End Module Messages     ------



(---------------------------------------------------------------------)
(                                                                     )
(    Refresh Symbol                                                   )
(                                                                     )
(    Drawing          : fscvmotherboardv2.brd                         )
(    Software Version : 23.1S002                                      )
(    Date/Time        : Sat Mar  9 01:36:32 2024                      )
(                                                                     )
(---------------------------------------------------------------------)


Sat Mar  9 01:36:32 2024				Page     1


------ Symbol Refresh Directives ------

Input design  = 'D:/Projects/PCB/FSCV Board V2/PCBEditor/V6/fscvmotherboardv2.brd'
Output design = ''

Update mechanical symbols              = 'NO'
Update format symbols                  = 'NO'
Update package symbols                 = 'NO'
Update shape/flash symbols             = 'NO'
Update symbol padstacks                = 'NO'
Preserve padstacks replaced on pins    = 'NO'
Reset symbol text and size locations   = 'NO'
Reset Pin Escapes (fanouts)            = 'NO'
Ripup Etch                             = 'NO'
Reset custom drill data                = 'NO'
Symbol list file                       = 'C:/Users/kaswi/AppData/Local/Temp/#Taaaaai29808.tmp'


------ Library Paths ------
PSMPATH =  . 
           symbols 
           .. 
           ../symbols 
           D:/Softwares/Orcad/share/local/pcb/symbols 
           D:/Softwares/Orcad/share/pcb/pcb_lib/symbols 
           D:/Softwares/Orcad/share/pcb/allegrolib/symbols 
           ../Libraries 

PADPATH =  . 
           symbols 
           .. 
           ../symbols 
           D:/Softwares/Orcad/share/local/pcb/padstacks 
           D:/Softwares/Orcad/share/pcb/pcb_lib/symbols 
           D:/Softwares/Orcad/share/pcb/allegrolib/symbols 
           ../Libraries 


------ Symbol Refresh Messages ------

'RES0805'  symbol refreshed successfully.


------ Updating padstacks referring to the refreshed shapes and flash symbols.  ------



----- Symbol Update Summary ----

Updated symbols: 1 out 1
    Design updated.

