(---------------------------------------------------------------------)
(                                                                     )
(    NC DRILL Log                                                     )
(                                                                     )
(    Drawing          : fscvmotherboardv2.brd                         )
(    Software Version : 23.1S002                                      )
(    Date/Time        : Thu Mar 14 18:47:39 2024                      )
(                                                                     )
(---------------------------------------------------------------------)



 Processing NC Parameters file 'nc_param.txt' ...

 NC PARAMETERS
 -------------

 FORMAT   		2.5
 MACHINE-OFFSET		x:0.00000	y:0.00000   (mm)
 FEEDRATE		1
 COORDINATES		ABSOLUTE
 OUTPUT-UNITS		METRIC
 TOOL-ORDER		INCREASING
 REPEAT-CODES		YES
 SUPPRESS-LEAD-ZEROES	NO
 SUPPRESS-TRAIL-ZEROES	NO
 SUPPRESS-EQUAL		NO
 TOOL-SELECT		NO
 HEADER			none
 LEADER			12
 CODE			ASCII
 SEPARATE		NO
 SEPARATE-ROUTING	NO
 OPTIMIZE_DRILLING	NO
 ENHANCED_EXCELLON	NO
 SCALE			1.000000



 Drill files being output to directory 'D:/Projects/PCB/FSCV Board V2/PCBEditor/V7/Artwork' ...



     'fscvmotherboardv2-1-4.drl' created for holes connecting TOP and BOTTOM
     -----------------------------------------------------------------------

           Num     Size      +/- Tolerance     Plating   Quantity

            1.   0.2000    0.0000/  0.0000      PLATED         56
            2.   0.2540    0.0000/  0.0000      PLATED        174
            3.   0.3000    0.0000/  0.0000      PLATED        278
            4.   0.5000    0.0000/  0.0000      PLATED         48
            5.   0.8000    0.0000/  0.0000      PLATED          3
            6.   0.8100    0.0000/  0.0000      PLATED          4
            7.   1.0200    0.0000/  0.0000      PLATED         35
            8.   1.1000    0.0000/  0.0000      PLATED         14
            9.   3.5000    0.0000/  0.0000      PLATED          4
           10.   1.4000    0.0000/  0.0000  NON_PLATED          4
           11.   1.7000    0.0000/  0.0000  NON_PLATED          1
           12.   1.8000    0.0000/  0.0000  NON_PLATED          1

     ---- Total holes:                                        622

     ---- Total head travel:              58.85 feet (17.94 meters)

